2018-03-03 15:57:33 [scrapy.utils.log] INFO: Scrapy 1.4.0 started (bot: newslist_redis)
2018-03-03 15:57:33 [scrapy.utils.log] INFO: Overridden settings: {'RETRY_HTTP_CODES': [400, 404, 418, 500, 502], 'NEWSPIDER_MODULE': 'newslist_redis.spiders', 'REDIRECT_ENABLED': False, 'SCHEDULER': 'scrapy_redis.scheduler.Scheduler', 'BOT_NAME': 'newslist_redis', 'DOWNLOAD_TIMEOUT': 10, 'RETRY_TIMES': 100, 'LOG_LEVEL': 'INFO', 'LOG_FILE': 'scrapy.log', 'USER_AGENT': 'Mozilla/5.0 (Windows NT 6.1; WOW64) AppleWebKit/537.36 (KHTML, like Gecko) Chrome/55.0.2883.87 Safari/537.36', 'DUPEFILTER_CLASS': 'scrapy_redis.dupefilter.RFPDupeFilter', 'SPIDER_MODULES': ['newslist_redis.spiders'], 'COOKIES_ENABLED': False}
2018-03-03 15:57:33 [scrapy.middleware] INFO: Enabled extensions:
['scrapy.extensions.corestats.CoreStats',
 'scrapy.extensions.logstats.LogStats',
 'scrapy.extensions.telnet.TelnetConsole',
 'newslist_redis.stats_collection.StatsCollection']
2018-03-03 15:57:33 [binewslist] INFO: Reading start URLs from redis key 'binewslistScanpage:start_urls' (batch size: 16, encoding: utf-8
2018-03-03 15:57:33 [scrapy.middleware] INFO: Enabled downloader middlewares:
['scrapy.downloadermiddlewares.httpauth.HttpAuthMiddleware',
 'scrapy.downloadermiddlewares.downloadtimeout.DownloadTimeoutMiddleware',
 'scrapy.downloadermiddlewares.defaultheaders.DefaultHeadersMiddleware',
 'scrapy.downloadermiddlewares.useragent.UserAgentMiddleware',
 'scrapy.downloadermiddlewares.retry.RetryMiddleware',
 'scrapy.downloadermiddlewares.redirect.MetaRefreshMiddleware',
 'scrapy.downloadermiddlewares.httpcompression.HttpCompressionMiddleware',
 'scrapy.downloadermiddlewares.httpproxy.HttpProxyMiddleware',
 'scrapy.downloadermiddlewares.stats.DownloaderStats']
2018-03-03 15:57:33 [scrapy.middleware] INFO: Enabled spider middlewares:
['scrapy.spidermiddlewares.httperror.HttpErrorMiddleware',
 'scrapy.spidermiddlewares.offsite.OffsiteMiddleware',
 'scrapy.spidermiddlewares.referer.RefererMiddleware',
 'scrapy.spidermiddlewares.urllength.UrlLengthMiddleware',
 'scrapy.spidermiddlewares.depth.DepthMiddleware']
2018-03-03 15:57:33 [py.warnings] WARNING: D:\web_develop\python\binewslist_redis\newslist_redis\pipelines.py:9: ScrapyDeprecationWarning: Module `scrapy.log` has been deprecated, Scrapy now relies on the builtin Python library for logging. Read the updated logging entry in the documentation to learn more.
  from scrapy import log

2018-03-03 15:57:33 [scrapy.middleware] INFO: Enabled item pipelines:
['newslist_redis.pipelines.DealCsName',
 'newslist_redis.pipelines.SqlserverPipeline']
2018-03-03 15:57:33 [scrapy.core.engine] INFO: Spider opened
2018-03-03 15:57:33 [scrapy.extensions.logstats] INFO: Crawled 0 pages (at 0 pages/min), scraped 0 items (at 0 items/min)
2018-03-03 15:57:38 [scrapy.crawler] INFO: Received SIGINT, shutting down gracefully. Send again to force 
2018-03-03 15:57:38 [scrapy.core.engine] INFO: Closing spider (shutdown)
2018-03-03 15:57:38 [scrapy.statscollectors] INFO: Dumping Scrapy stats:
{'downloader/request_bytes': 11782,
 'downloader/request_count': 31,
 'downloader/request_method_count/GET': 31,
 'downloader/response_bytes': 355140,
 'downloader/response_count': 31,
 'downloader/response_status_count/200': 31,
 'finish_reason': 'shutdown',
 'finish_time': datetime.datetime(2018, 3, 3, 7, 57, 38, 842000),
 'item_scraped_count': 22,
 'log_count/INFO': 9,
 'log_count/WARNING': 1,
 'request_depth_max': 3,
 'response_received_count': 31,
 'scheduler/dequeued/redis': 31,
 'scheduler/enqueued/redis': 31,
 'start_time': datetime.datetime(2018, 3, 3, 7, 57, 33, 837000)}
2018-03-03 15:57:38 [scrapy.core.engine] INFO: Spider closed (shutdown)
